2025.12.22 03:36:08.288526 [ 1 ] {} <Warning> KeeperLogStore: No logs exists in /var/lib/clickhouse-keeper/coordination/log. It's Ok if it's the first run of clickhouse-keeper.
2025.12.22 03:36:08.288826 [ 1 ] {} <Warning> KeeperLogStore: Removing all changelogs
2025.12.22 03:36:09.768126 [ 44 ] {} <Warning> RaftInstance: Election timeout, initiate leader election
2025.12.22 03:38:15.330250 [ 68 ] {} <Error> RaftInstance: failed to accept a rpc connection due to error 125, Operation canceled
2025.12.22 03:38:18.990579 [ 1 ] {} <Warning> KeeperLogStore: No logs exists in /var/lib/clickhouse-keeper/coordination/log. It's Ok if it's the first run of clickhouse-keeper.
2025.12.22 03:38:18.990790 [ 1 ] {} <Warning> KeeperLogStore: Removing all changelogs
2025.12.25 02:52:44.339423 [ 46 ] {} <Warning> RaftInstance: Election timeout, initiate leader election
2025.12.25 02:56:07.392475 [ 63 ] {} <Error> RaftInstance: Wrong packet: expected REQ, got 71
2025.12.25 02:56:07.559771 [ 56 ] {} <Error> RaftInstance: Wrong packet: expected REQ, got 71
2025.12.25 02:56:07.581515 [ 73 ] {} <Error> RaftInstance: Wrong packet: expected REQ, got 71
2025.12.25 02:56:08.924573 [ 61 ] {} <Error> RaftInstance: Wrong packet: expected REQ, got 71
2025.12.25 02:56:08.937768 [ 68 ] {} <Error> RaftInstance: Wrong packet: expected REQ, got 71
2025.12.25 02:56:08.954732 [ 47 ] {} <Error> RaftInstance: Wrong packet: expected REQ, got 71
2025.12.25 02:56:09.275012 [ 64 ] {} <Error> RaftInstance: Wrong packet: expected REQ, got 71
2025.12.25 02:56:09.283841 [ 56 ] {} <Error> RaftInstance: Wrong packet: expected REQ, got 71
2025.12.25 02:56:09.291021 [ 73 ] {} <Error> RaftInstance: Wrong packet: expected REQ, got 71
2025.12.25 04:24:23.180200 [ 48 ] {} <Error> RaftInstance: session 1 failed to read rpc header from socket ::ffff:172.18.0.12:49192 due to error 2, End of file, ref count 1
2025.12.25 04:24:23.182405 [ 75 ] {} <Warning> RaftInstance: [LOG XX] req log idx: 3829, req log term: 3, my last log idx: 3825, my log (3829) term: 0
2025.12.25 04:24:23.182467 [ 75 ] {} <Warning> RaftInstance: deny, req term 3, my term 3, req log idx 3829, my log idx 3825, receiving snapshot FALSE
2025.12.25 04:30:47.539205 [ 49 ] {} <Warning> RaftInstance: Election timeout, initiate leader election
2025.12.25 13:56:55.943004 [ 72 ] {} <Error> RaftInstance: failed to accept a rpc connection due to error 125, Operation canceled
2025.12.25 13:57:01.556281 [ 1 ] {} <Warning> KeeperLogStore: No logs exists in /var/lib/clickhouse-keeper/coordination/log. It's Ok if it's the first run of clickhouse-keeper.
2025.12.25 13:57:01.556729 [ 1 ] {} <Warning> KeeperLogStore: Removing all changelogs
2025.12.25 19:02:28.930071 [ 74 ] {} <Error> RaftInstance: session 1 failed to read rpc header from socket ::ffff:172.18.0.10:38342 due to error 2, End of file, ref count 1
2025.12.25 19:02:28.931739 [ 52 ] {} <Warning> RaftInstance: [LOG XX] req log idx: 4661, req log term: 2, my last log idx: 4657, my log (4661) term: 0
2025.12.25 19:02:28.931892 [ 52 ] {} <Warning> RaftInstance: deny, req term 2, my term 2, req log idx 4661, my log idx 4657, receiving snapshot FALSE
2025.12.25 19:02:30.029264 [ 48 ] {} <Warning> RaftInstance: Election timeout, initiate leader election
