2025.12.22 03:36:08.335569 [ 1 ] {} <Warning> KeeperLogStore: No logs exists in /var/lib/clickhouse-keeper/coordination/log. It's Ok if it's the first run of clickhouse-keeper.
2025.12.22 03:36:08.335836 [ 1 ] {} <Warning> KeeperLogStore: Removing all changelogs
2025.12.22 03:38:15.323552 [ 75 ] {} <Error> RaftInstance: session 1 failed to read rpc header from socket ::ffff:172.21.0.2:58352 due to error 2, End of file, ref count 1
2025.12.22 03:38:18.933529 [ 1 ] {} <Warning> KeeperLogStore: No logs exists in /var/lib/clickhouse-keeper/coordination/log. It's Ok if it's the first run of clickhouse-keeper.
2025.12.22 03:38:18.933773 [ 1 ] {} <Warning> KeeperLogStore: Removing all changelogs
2025.12.25 04:24:23.179774 [ 75 ] {} <Error> RaftInstance: session 1 failed to read rpc header from socket ::ffff:172.18.0.12:36442 due to error 2, End of file, ref count 1
2025.12.25 04:24:23.182712 [ 48 ] {} <Warning> RaftInstance: [LOG XX] req log idx: 3829, req log term: 3, my last log idx: 3825, my log (3829) term: 0
2025.12.25 04:24:23.182947 [ 48 ] {} <Warning> RaftInstance: deny, req term 3, my term 3, req log idx 3829, my log idx 3825, receiving snapshot FALSE
2025.12.25 13:56:39.902816 [ 47 ] {} <Warning> RaftInstance: Election timeout, initiate leader election
2025.12.25 13:56:55.956163 [ 59 ] {} <Error> RaftInstance: failed to accept a rpc connection due to error 125, Operation canceled
2025.12.25 13:57:01.657647 [ 1 ] {} <Warning> KeeperLogStore: No logs exists in /var/lib/clickhouse-keeper/coordination/log. It's Ok if it's the first run of clickhouse-keeper.
2025.12.25 13:57:01.657868 [ 1 ] {} <Warning> KeeperLogStore: Removing all changelogs
2025.12.25 13:57:02.766739 [ 47 ] {} <Warning> RaftInstance: Election timeout, initiate leader election
2025.12.25 19:02:28.929479 [ 58 ] {} <Error> RaftInstance: session 1 failed to read rpc header from socket ::ffff:172.18.0.10:60650 due to error 2, End of file, ref count 1
2025.12.25 19:02:28.931625 [ 57 ] {} <Warning> RaftInstance: [LOG XX] req log idx: 4661, req log term: 2, my last log idx: 4657, my log (4661) term: 0
2025.12.25 19:02:28.931714 [ 57 ] {} <Warning> RaftInstance: deny, req term 2, my term 2, req log idx 4661, my log idx 4657, receiving snapshot FALSE
2025.12.26 03:05:36.819187 [ 47 ] {} <Warning> RaftInstance: Election timeout, initiate leader election
2025.12.26 17:52:11.071281 [ 69 ] {} <Error> RaftInstance: failed to accept a rpc connection due to error 125, Operation canceled
2026.01.03 17:13:23.551968 [ 1 ] {} <Warning> KeeperLogStore: No logs exists in /var/lib/clickhouse-keeper/coordination/log. It's Ok if it's the first run of clickhouse-keeper.
2026.01.03 17:13:23.552272 [ 1 ] {} <Warning> KeeperLogStore: Removing all changelogs
2026.01.03 17:14:38.007061 [ 53 ] {} <Error> RaftInstance: session 1 failed to read rpc header from socket ::ffff:172.19.0.19:49672 due to error 2, End of file, ref count 1
2026.01.03 17:14:38.013212 [ 70 ] {} <Error> RaftInstance: failed to accept a rpc connection due to error 125, Operation canceled
2026.01.03 17:14:43.391802 [ 1 ] {} <Warning> KeeperLogStore: No logs exists in /var/lib/clickhouse-keeper/coordination/log. It's Ok if it's the first run of clickhouse-keeper.
2026.01.03 17:14:43.392382 [ 1 ] {} <Warning> KeeperLogStore: Removing all changelogs
2026.01.03 17:27:51.115604 [ 1 ] {} <Warning> KeeperLogStore: No logs exists in /var/lib/clickhouse-keeper/coordination/log. It's Ok if it's the first run of clickhouse-keeper.
2026.01.03 17:27:51.115826 [ 1 ] {} <Warning> KeeperLogStore: Removing all changelogs
2026.01.03 17:48:01.534055 [ 65 ] {} <Error> RaftInstance: session 1 failed to read rpc header from socket ::ffff:172.19.0.16:58552 due to error 2, End of file, ref count 1
2026.01.03 17:48:02.016496 [ 62 ] {} <Error> RaftInstance: failed to accept a rpc connection due to error 125, Operation canceled
2026.01.03 17:49:43.892758 [ 1 ] {} <Warning> KeeperLogStore: No logs exists in /var/lib/clickhouse-keeper/coordination/log. It's Ok if it's the first run of clickhouse-keeper.
2026.01.03 17:49:43.893143 [ 1 ] {} <Warning> KeeperLogStore: Removing all changelogs
2026.01.03 17:49:52.607567 [ 50 ] {} <Error> RaftInstance: session 1 failed to read rpc header from socket ::ffff:172.19.0.15:36102 due to error 2, End of file, ref count 1
2026.01.03 17:49:52.613482 [ 55 ] {} <Error> RaftInstance: failed to accept a rpc connection due to error 125, Operation canceled
2026.01.03 17:50:11.163757 [ 1 ] {} <Warning> KeeperLogStore: No logs exists in /var/lib/clickhouse-keeper/coordination/log. It's Ok if it's the first run of clickhouse-keeper.
2026.01.03 17:50:11.163972 [ 1 ] {} <Warning> KeeperLogStore: Removing all changelogs
2026.01.03 17:52:29.120984 [ 52 ] {} <Error> RaftInstance: session 1 failed to read rpc header from socket ::ffff:172.19.0.16:34328 due to error 2, End of file, ref count 1
2026.01.03 17:52:29.122244 [ 46 ] {} <Error> RaftInstance: failed to accept a rpc connection due to error 125, Operation canceled
2026.01.03 17:52:35.199660 [ 1 ] {} <Warning> KeeperLogStore: No logs exists in /var/lib/clickhouse-keeper/coordination/log. It's Ok if it's the first run of clickhouse-keeper.
2026.01.03 17:52:35.199888 [ 1 ] {} <Warning> KeeperLogStore: Removing all changelogs
2026.01.03 17:54:44.407222 [ 73 ] {} <Warning> RaftInstance: stopping, return null
2026.01.03 17:54:44.407245 [ 73 ] {} <Warning> RaftInstance: no response is returned from raft message handler
2026.01.03 17:54:44.414164 [ 57 ] {} <Error> RaftInstance: failed to accept a rpc connection due to error 125, Operation canceled
2026.01.03 17:55:37.590419 [ 46 ] {} <Warning> RaftInstance: [LOG XX] req log idx: 50, req log term: 1, my last log idx: 48, my log (50) term: 0
2026.01.03 17:55:37.590449 [ 46 ] {} <Warning> RaftInstance: deny, req term 2, my term 2, req log idx 50, my log idx 48, receiving snapshot FALSE
2026.01.03 17:55:37.590451 [ 46 ] {} <Warning> RaftInstance: snp idx 48 term 1
2026.01.03 17:55:50.094488 [ 72 ] {} <Error> RaftInstance: session 1 failed to read rpc header from socket ::ffff:172.19.0.5:47020 due to error 2, End of file, ref count 1
2026.01.03 17:55:50.105735 [ 48 ] {} <Error> RaftInstance: failed to accept a rpc connection due to error 125, Operation canceled
2026.01.03 17:56:05.140168 [ 1 ] {} <Warning> KeeperLogStore: No logs exists in /var/lib/clickhouse-keeper/coordination/log. It's Ok if it's the first run of clickhouse-keeper.
2026.01.03 17:56:05.140496 [ 1 ] {} <Warning> KeeperLogStore: Removing all changelogs
2026.01.03 17:56:14.913056 [ 35 ] {} <Warning> KeeperTCPHandler: invalid four letter command GET 
2026.01.03 17:56:14.915553 [ 35 ] {} <Warning> KeeperTCPHandler: invalid four letter command GET 
2026.01.03 17:56:16.021555 [ 35 ] {} <Warning> KeeperTCPHandler: invalid four letter command GET 
2026.01.03 17:56:16.022751 [ 36 ] {} <Warning> KeeperTCPHandler: invalid four letter command GET 
2026.01.03 17:56:16.024554 [ 35 ] {} <Warning> KeeperTCPHandler: invalid four letter command GET 
2026.01.03 18:08:08.426445 [ 67 ] {} <Error> RaftInstance: session 1 failed to read rpc header from socket ::ffff:172.19.0.6:35844 due to error 2, End of file, ref count 1
2026.01.03 18:08:08.426470 [ 53 ] {} <Error> RaftInstance: failed to accept a rpc connection due to error 125, Operation canceled
2026.01.03 18:08:33.862745 [ 1 ] {} <Warning> KeeperLogStore: No logs exists in /var/lib/clickhouse-keeper/coordination/log. It's Ok if it's the first run of clickhouse-keeper.
2026.01.03 18:08:33.862941 [ 1 ] {} <Warning> KeeperLogStore: Removing all changelogs
2026.01.03 18:52:13.838787 [ 45 ] {} <Error> RaftInstance: failed to accept a rpc connection due to error 125, Operation canceled
