Spark Command: /opt/java/openjdk/bin/java -cp /opt/spark/conf/:/opt/spark/jars/* -Xmx2g -XX:+IgnoreUnrecognizedVMOptions --add-opens=java.base/java.lang=ALL-UNNAMED --add-opens=java.base/java.lang.invoke=ALL-UNNAMED --add-opens=java.base/java.lang.reflect=ALL-UNNAMED --add-opens=java.base/java.io=ALL-UNNAMED --add-opens=java.base/java.net=ALL-UNNAMED --add-opens=java.base/java.nio=ALL-UNNAMED --add-opens=java.base/java.util=ALL-UNNAMED --add-opens=java.base/java.util.concurrent=ALL-UNNAMED --add-opens=java.base/java.util.concurrent.atomic=ALL-UNNAMED --add-opens=java.base/jdk.internal.ref=ALL-UNNAMED --add-opens=java.base/sun.nio.ch=ALL-UNNAMED --add-opens=java.base/sun.nio.cs=ALL-UNNAMED --add-opens=java.base/sun.security.action=ALL-UNNAMED --add-opens=java.base/sun.util.calendar=ALL-UNNAMED --add-opens=java.security.jgss/sun.security.krb5=ALL-UNNAMED -Djdk.reflect.useDirectMethodHandle=false org.apache.spark.deploy.SparkSubmit --conf spark.cores.max=2 --conf spark.sql.warehouse.dir=/opt/spark/spark-warehouse --class org.apache.spark.sql.hive.thriftserver.HiveThriftServer2 --name Thrift JDBC/ODBC Server spark-internal
========================================
25/10/09 07:03:02 INFO HiveThriftServer2: Started daemon with process name: 18@cd7f4492da16
25/10/09 07:03:02 INFO SignalUtils: Registering signal handler for TERM
25/10/09 07:03:02 INFO SignalUtils: Registering signal handler for HUP
25/10/09 07:03:02 INFO SignalUtils: Registering signal handler for INT
25/10/09 07:03:02 INFO HiveThriftServer2: Starting SparkContext
25/10/09 07:03:02 INFO HiveConf: Found configuration file null
25/10/09 07:03:02 INFO SparkContext: Running Spark version 3.5.1
25/10/09 07:03:02 INFO SparkContext: OS info Linux, 6.6.87.2-microsoft-standard-WSL2, amd64
25/10/09 07:03:02 INFO SparkContext: Java version 11.0.22
25/10/09 07:03:02 WARN NativeCodeLoader: Unable to load native-hadoop library for your platform... using builtin-java classes where applicable
25/10/09 07:03:02 INFO ResourceUtils: ==============================================================
25/10/09 07:03:02 INFO ResourceUtils: No custom resources configured for spark.driver.
25/10/09 07:03:02 INFO ResourceUtils: ==============================================================
25/10/09 07:03:02 INFO SparkContext: Submitted application: Thrift JDBC/ODBC Server
25/10/09 07:03:02 INFO ResourceProfile: Default ResourceProfile created, executor resources: Map(memoryOverhead -> name: memoryOverhead, amount: 1024, script: , vendor: , memory -> name: memory, amount: 4096, script: , vendor: , offHeap -> name: offHeap, amount: 0, script: , vendor: ), task resources: Map(cpus -> name: cpus, amount: 1.0)
25/10/09 07:03:02 INFO ResourceProfile: Limiting resource is cpu
25/10/09 07:03:02 INFO ResourceProfileManager: Added ResourceProfile id: 0
25/10/09 07:03:02 INFO SecurityManager: Changing view acls to: root
25/10/09 07:03:02 INFO SecurityManager: Changing modify acls to: root
25/10/09 07:03:02 INFO SecurityManager: Changing view acls groups to: 
25/10/09 07:03:02 INFO SecurityManager: Changing modify acls groups to: 
25/10/09 07:03:02 INFO SecurityManager: SecurityManager: authentication disabled; ui acls disabled; users with view permissions: root; groups with view permissions: EMPTY; users with modify permissions: root; groups with modify permissions: EMPTY
25/10/09 07:03:03 INFO Utils: Successfully started service 'sparkDriver' on port 34235.
25/10/09 07:03:03 INFO SparkEnv: Registering MapOutputTracker
